{"/Users/theotarr/Documents/Development/prm/packages/shared/src/index.ts": {"path":"/Users/theotarr/Documents/Development/prm/packages/shared/src/index.ts","all":false,"statementMap":{"0":{"start":{"line":1,"column":0},"end":{"line":1,"column":3}}},"s":{"0":1},"branchMap":{},"b":{},"fnMap":{},"f":{}}
,"/Users/theotarr/Documents/Development/prm/packages/shared/src/phone.ts": {"path":"/Users/theotarr/Documents/Development/prm/packages/shared/src/phone.ts","all":false,"statementMap":{"13":{"start":{"line":14,"column":0},"end":{"line":14,"column":55}},"14":{"start":{"line":15,"column":0},"end":{"line":15,"column":40}},"15":{"start":{"line":16,"column":0},"end":{"line":16,"column":77}},"16":{"start":{"line":17,"column":0},"end":{"line":17,"column":16}},"17":{"start":{"line":18,"column":0},"end":{"line":18,"column":24}},"18":{"start":{"line":19,"column":0},"end":{"line":19,"column":3}},"19":{"start":{"line":20,"column":0},"end":{"line":20,"column":16}},"20":{"start":{"line":21,"column":0},"end":{"line":21,"column":1}},"34":{"start":{"line":35,"column":0},"end":{"line":35,"column":59}},"35":{"start":{"line":36,"column":0},"end":{"line":36,"column":43}},"36":{"start":{"line":37,"column":0},"end":{"line":37,"column":32}},"39":{"start":{"line":40,"column":0},"end":{"line":40,"column":64}},"40":{"start":{"line":41,"column":0},"end":{"line":41,"column":52}},"41":{"start":{"line":42,"column":0},"end":{"line":42,"column":3}},"44":{"start":{"line":45,"column":0},"end":{"line":45,"column":33}},"45":{"start":{"line":46,"column":0},"end":{"line":46,"column":37}},"46":{"start":{"line":47,"column":0},"end":{"line":47,"column":3}},"50":{"start":{"line":51,"column":0},"end":{"line":51,"column":63}},"51":{"start":{"line":52,"column":0},"end":{"line":52,"column":85}},"52":{"start":{"line":53,"column":0},"end":{"line":53,"column":90}},"53":{"start":{"line":54,"column":0},"end":{"line":54,"column":3}},"55":{"start":{"line":56,"column":0},"end":{"line":56,"column":18}},"56":{"start":{"line":57,"column":0},"end":{"line":57,"column":1}},"61":{"start":{"line":62,"column":0},"end":{"line":62,"column":70}},"62":{"start":{"line":63,"column":0},"end":{"line":63,"column":45}},"63":{"start":{"line":64,"column":0},"end":{"line":64,"column":57}},"64":{"start":{"line":65,"column":0},"end":{"line":65,"column":52}},"65":{"start":{"line":66,"column":0},"end":{"line":66,"column":1}},"80":{"start":{"line":81,"column":0},"end":{"line":81,"column":58}},"81":{"start":{"line":82,"column":0},"end":{"line":82,"column":42}},"84":{"start":{"line":85,"column":0},"end":{"line":85,"column":55}},"85":{"start":{"line":86,"column":0},"end":{"line":86,"column":39}},"86":{"start":{"line":87,"column":0},"end":{"line":87,"column":36}},"87":{"start":{"line":88,"column":0},"end":{"line":88,"column":37}},"88":{"start":{"line":89,"column":0},"end":{"line":89,"column":37}},"89":{"start":{"line":90,"column":0},"end":{"line":90,"column":52}},"90":{"start":{"line":91,"column":0},"end":{"line":91,"column":3}},"93":{"start":{"line":94,"column":0},"end":{"line":94,"column":29}},"94":{"start":{"line":95,"column":0},"end":{"line":95,"column":36}},"95":{"start":{"line":96,"column":0},"end":{"line":96,"column":37}},"96":{"start":{"line":97,"column":0},"end":{"line":97,"column":37}},"97":{"start":{"line":98,"column":0},"end":{"line":98,"column":40}},"98":{"start":{"line":99,"column":0},"end":{"line":99,"column":3}},"102":{"start":{"line":103,"column":0},"end":{"line":103,"column":30}},"103":{"start":{"line":104,"column":0},"end":{"line":104,"column":17}},"104":{"start":{"line":105,"column":0},"end":{"line":105,"column":3}},"107":{"start":{"line":108,"column":0},"end":{"line":108,"column":15}},"108":{"start":{"line":109,"column":0},"end":{"line":109,"column":1}}},"s":{"13":1,"14":46,"15":46,"16":46,"17":25,"18":25,"19":21,"20":21,"34":1,"35":37,"36":37,"39":37,"40":13,"41":13,"44":37,"45":12,"46":12,"50":37,"51":4,"52":4,"53":4,"55":37,"56":37,"61":1,"62":13,"63":13,"64":13,"65":13,"80":1,"81":12,"84":12,"85":3,"86":3,"87":3,"88":3,"89":3,"90":3,"93":12,"94":3,"95":3,"96":3,"97":3,"98":3,"102":12,"103":2,"104":2,"107":4,"108":4},"branchMap":{"0":{"type":"branch","line":14,"loc":{"start":{"line":14,"column":7},"end":{"line":21,"column":1}},"locations":[{"start":{"line":14,"column":7},"end":{"line":21,"column":1}}]},"1":{"type":"branch","line":17,"loc":{"start":{"line":17,"column":15},"end":{"line":19,"column":3}},"locations":[{"start":{"line":17,"column":15},"end":{"line":19,"column":3}}]},"2":{"type":"branch","line":19,"loc":{"start":{"line":19,"column":2},"end":{"line":21,"column":1}},"locations":[{"start":{"line":19,"column":2},"end":{"line":21,"column":1}}]},"3":{"type":"branch","line":35,"loc":{"start":{"line":35,"column":7},"end":{"line":57,"column":1}},"locations":[{"start":{"line":35,"column":7},"end":{"line":57,"column":1}}]},"4":{"type":"branch","line":40,"loc":{"start":{"line":40,"column":32},"end":{"line":40,"column":63}},"locations":[{"start":{"line":40,"column":32},"end":{"line":40,"column":63}}]},"5":{"type":"branch","line":40,"loc":{"start":{"line":40,"column":63},"end":{"line":42,"column":3}},"locations":[{"start":{"line":40,"column":63},"end":{"line":42,"column":3}}]},"6":{"type":"branch","line":45,"loc":{"start":{"line":45,"column":32},"end":{"line":47,"column":3}},"locations":[{"start":{"line":45,"column":32},"end":{"line":47,"column":3}}]},"7":{"type":"branch","line":51,"loc":{"start":{"line":51,"column":28},"end":{"line":51,"column":62}},"locations":[{"start":{"line":51,"column":28},"end":{"line":51,"column":62}}]},"8":{"type":"branch","line":51,"loc":{"start":{"line":51,"column":62},"end":{"line":54,"column":3}},"locations":[{"start":{"line":51,"column":62},"end":{"line":54,"column":3}}]},"9":{"type":"branch","line":62,"loc":{"start":{"line":62,"column":7},"end":{"line":66,"column":1}},"locations":[{"start":{"line":62,"column":7},"end":{"line":66,"column":1}}]},"10":{"type":"branch","line":65,"loc":{"start":{"line":65,"column":24},"end":{"line":65,"column":50}},"locations":[{"start":{"line":65,"column":24},"end":{"line":65,"column":50}}]},"11":{"type":"branch","line":81,"loc":{"start":{"line":81,"column":7},"end":{"line":109,"column":1}},"locations":[{"start":{"line":81,"column":7},"end":{"line":109,"column":1}}]},"12":{"type":"branch","line":85,"loc":{"start":{"line":85,"column":24},"end":{"line":85,"column":54}},"locations":[{"start":{"line":85,"column":24},"end":{"line":85,"column":54}}]},"13":{"type":"branch","line":85,"loc":{"start":{"line":85,"column":54},"end":{"line":91,"column":3}},"locations":[{"start":{"line":85,"column":54},"end":{"line":91,"column":3}}]},"14":{"type":"branch","line":91,"loc":{"start":{"line":91,"column":2},"end":{"line":94,"column":28}},"locations":[{"start":{"line":91,"column":2},"end":{"line":94,"column":28}}]},"15":{"type":"branch","line":94,"loc":{"start":{"line":94,"column":28},"end":{"line":99,"column":3}},"locations":[{"start":{"line":94,"column":28},"end":{"line":99,"column":3}}]},"16":{"type":"branch","line":99,"loc":{"start":{"line":99,"column":2},"end":{"line":103,"column":29}},"locations":[{"start":{"line":99,"column":2},"end":{"line":103,"column":29}}]},"17":{"type":"branch","line":103,"loc":{"start":{"line":103,"column":29},"end":{"line":105,"column":3}},"locations":[{"start":{"line":103,"column":29},"end":{"line":105,"column":3}}]},"18":{"type":"branch","line":105,"loc":{"start":{"line":105,"column":2},"end":{"line":109,"column":1}},"locations":[{"start":{"line":105,"column":2},"end":{"line":109,"column":1}}]}},"b":{"0":[46],"1":[25],"2":[21],"3":[37],"4":[14],"5":[13],"6":[12],"7":[5],"8":[4],"9":[13],"10":[17],"11":[12],"12":[3],"13":[3],"14":[9],"15":[3],"16":[6],"17":[2],"18":[4]},"fnMap":{"0":{"name":"normalizePhone","decl":{"start":{"line":14,"column":7},"end":{"line":21,"column":1}},"loc":{"start":{"line":14,"column":7},"end":{"line":21,"column":1}},"line":14},"1":{"name":"getPhoneVariants","decl":{"start":{"line":35,"column":7},"end":{"line":57,"column":1}},"loc":{"start":{"line":35,"column":7},"end":{"line":57,"column":1}},"line":35},"2":{"name":"phonesMatch","decl":{"start":{"line":62,"column":7},"end":{"line":66,"column":1}},"loc":{"start":{"line":62,"column":7},"end":{"line":66,"column":1}},"line":62},"3":{"name":"formatPhoneNumber","decl":{"start":{"line":81,"column":7},"end":{"line":109,"column":1}},"loc":{"start":{"line":81,"column":7},"end":{"line":109,"column":1}},"line":81}},"f":{"0":46,"1":37,"2":13,"3":12}}
,"/Users/theotarr/Documents/Development/prm/packages/shared/src/constants/platform.ts": {"path":"/Users/theotarr/Documents/Development/prm/packages/shared/src/constants/platform.ts","all":false,"statementMap":{"51":{"start":{"line":52,"column":0},"end":{"line":52,"column":76}},"52":{"start":{"line":53,"column":0},"end":{"line":53,"column":13}},"53":{"start":{"line":54,"column":0},"end":{"line":54,"column":22}},"54":{"start":{"line":55,"column":0},"end":{"line":55,"column":21}},"55":{"start":{"line":56,"column":0},"end":{"line":56,"column":32}},"56":{"start":{"line":57,"column":0},"end":{"line":57,"column":39}},"57":{"start":{"line":58,"column":0},"end":{"line":58,"column":16}},"58":{"start":{"line":59,"column":0},"end":{"line":59,"column":4}},"59":{"start":{"line":60,"column":0},"end":{"line":60,"column":10}},"60":{"start":{"line":61,"column":0},"end":{"line":61,"column":19}},"61":{"start":{"line":62,"column":0},"end":{"line":62,"column":21}},"62":{"start":{"line":63,"column":0},"end":{"line":63,"column":30}},"63":{"start":{"line":64,"column":0},"end":{"line":64,"column":37}},"64":{"start":{"line":65,"column":0},"end":{"line":65,"column":16}},"65":{"start":{"line":66,"column":0},"end":{"line":66,"column":4}},"66":{"start":{"line":67,"column":0},"end":{"line":67,"column":10}},"67":{"start":{"line":68,"column":0},"end":{"line":68,"column":19}},"68":{"start":{"line":69,"column":0},"end":{"line":69,"column":21}},"69":{"start":{"line":70,"column":0},"end":{"line":70,"column":33}},"70":{"start":{"line":71,"column":0},"end":{"line":71,"column":40}},"71":{"start":{"line":72,"column":0},"end":{"line":72,"column":16}},"72":{"start":{"line":73,"column":0},"end":{"line":73,"column":4}},"73":{"start":{"line":74,"column":0},"end":{"line":74,"column":2}},"79":{"start":{"line":80,"column":0},"end":{"line":80,"column":34}},"80":{"start":{"line":81,"column":0},"end":{"line":81,"column":18}},"81":{"start":{"line":82,"column":0},"end":{"line":82,"column":35}},"82":{"start":{"line":83,"column":0},"end":{"line":83,"column":53}},"83":{"start":{"line":84,"column":0},"end":{"line":84,"column":1}}},"s":{"51":1,"52":1,"53":1,"54":1,"55":1,"56":1,"57":1,"58":1,"59":1,"60":1,"61":1,"62":1,"63":1,"64":1,"65":1,"66":1,"67":1,"68":1,"69":1,"70":1,"71":1,"72":1,"73":1,"79":1,"80":10,"81":10,"82":10,"83":10},"branchMap":{"0":{"type":"branch","line":80,"loc":{"start":{"line":80,"column":7},"end":{"line":84,"column":1}},"locations":[{"start":{"line":80,"column":7},"end":{"line":84,"column":1}}]}},"b":{"0":[10]},"fnMap":{"0":{"name":"getPlatformConfig","decl":{"start":{"line":80,"column":7},"end":{"line":84,"column":1}},"loc":{"start":{"line":80,"column":7},"end":{"line":84,"column":1}},"line":80}},"f":{"0":10}}
,"/Users/theotarr/Documents/Development/prm/packages/shared/src/types/actions.ts": {"path":"/Users/theotarr/Documents/Development/prm/packages/shared/src/types/actions.ts","all":true,"statementMap":{},"s":{},"branchMap":{"0":{"type":"branch","line":1,"loc":{"start":{"line":1,"column":2620},"end":{"line":96,"column":1}},"locations":[{"start":{"line":1,"column":2620},"end":{"line":96,"column":1}}]}},"b":{"0":[1]},"fnMap":{"0":{"name":"(empty-report)","decl":{"start":{"line":1,"column":2620},"end":{"line":96,"column":1}},"loc":{"start":{"line":1,"column":2620},"end":{"line":96,"column":1}},"line":1}},"f":{"0":1}}
,"/Users/theotarr/Documents/Development/prm/packages/shared/src/utils/index.ts": {"path":"/Users/theotarr/Documents/Development/prm/packages/shared/src/utils/index.ts","all":false,"statementMap":{"16":{"start":{"line":17,"column":0},"end":{"line":17,"column":51}},"18":{"start":{"line":19,"column":0},"end":{"line":19,"column":38}},"21":{"start":{"line":22,"column":0},"end":{"line":22,"column":63}},"24":{"start":{"line":25,"column":0},"end":{"line":25,"column":13}},"25":{"start":{"line":26,"column":0},"end":{"line":26,"column":15}},"26":{"start":{"line":27,"column":0},"end":{"line":27,"column":21}},"27":{"start":{"line":28,"column":0},"end":{"line":28,"column":13}},"28":{"start":{"line":29,"column":0},"end":{"line":29,"column":16}},"29":{"start":{"line":30,"column":0},"end":{"line":30,"column":19}},"30":{"start":{"line":31,"column":0},"end":{"line":31,"column":1}}},"s":{"16":1,"18":16,"21":16,"24":10,"25":10,"26":10,"27":10,"28":10,"29":10,"30":10},"branchMap":{"0":{"type":"branch","line":17,"loc":{"start":{"line":17,"column":7},"end":{"line":31,"column":1}},"locations":[{"start":{"line":17,"column":7},"end":{"line":31,"column":1}}]},"1":{"type":"branch","line":19,"loc":{"start":{"line":19,"column":27},"end":{"line":19,"column":38}},"locations":[{"start":{"line":19,"column":27},"end":{"line":19,"column":38}}]},"2":{"type":"branch","line":19,"loc":{"start":{"line":19,"column":34},"end":{"line":22,"column":33}},"locations":[{"start":{"line":19,"column":34},"end":{"line":22,"column":33}}]},"3":{"type":"branch","line":22,"loc":{"start":{"line":22,"column":26},"end":{"line":22,"column":63}},"locations":[{"start":{"line":22,"column":26},"end":{"line":22,"column":63}}]},"4":{"type":"branch","line":22,"loc":{"start":{"line":22,"column":54},"end":{"line":22,"column":63}},"locations":[{"start":{"line":22,"column":54},"end":{"line":22,"column":63}}]},"5":{"type":"branch","line":22,"loc":{"start":{"line":22,"column":59},"end":{"line":31,"column":1}},"locations":[{"start":{"line":22,"column":59},"end":{"line":31,"column":1}}]},"6":{"type":"branch","line":27,"loc":{"start":{"line":27,"column":9},"end":{"line":27,"column":20}},"locations":[{"start":{"line":27,"column":9},"end":{"line":27,"column":20}}]}},"b":{"0":[16],"1":[3],"2":[13],"3":[3],"4":[0],"5":[10],"6":[20]},"fnMap":{"0":{"name":"getInitials","decl":{"start":{"line":17,"column":7},"end":{"line":31,"column":1}},"loc":{"start":{"line":17,"column":7},"end":{"line":31,"column":1}},"line":17}},"f":{"0":16}}
,"/Users/theotarr/Documents/Development/prm/packages/shared/src/utils/time.ts": {"path":"/Users/theotarr/Documents/Development/prm/packages/shared/src/utils/time.ts","all":false,"statementMap":{"13":{"start":{"line":14,"column":0},"end":{"line":14,"column":55}},"14":{"start":{"line":15,"column":0},"end":{"line":15,"column":35}},"15":{"start":{"line":16,"column":0},"end":{"line":16,"column":77}},"16":{"start":{"line":17,"column":0},"end":{"line":17,"column":1}},"31":{"start":{"line":32,"column":0},"end":{"line":32,"column":63}},"32":{"start":{"line":33,"column":0},"end":{"line":33,"column":25}},"33":{"start":{"line":34,"column":0},"end":{"line":34,"column":31}},"34":{"start":{"line":35,"column":0},"end":{"line":35,"column":42}},"35":{"start":{"line":36,"column":0},"end":{"line":36,"column":43}},"36":{"start":{"line":37,"column":0},"end":{"line":37,"column":41}},"37":{"start":{"line":38,"column":0},"end":{"line":38,"column":38}},"39":{"start":{"line":40,"column":0},"end":{"line":40,"column":38}},"40":{"start":{"line":41,"column":0},"end":{"line":41,"column":45}},"41":{"start":{"line":42,"column":0},"end":{"line":42,"column":41}},"42":{"start":{"line":43,"column":0},"end":{"line":43,"column":38}},"43":{"start":{"line":44,"column":0},"end":{"line":44,"column":50}},"44":{"start":{"line":45,"column":0},"end":{"line":45,"column":1}},"78":{"start":{"line":79,"column":0},"end":{"line":79,"column":32}},"79":{"start":{"line":80,"column":0},"end":{"line":80,"column":20}},"80":{"start":{"line":81,"column":0},"end":{"line":81,"column":38}},"81":{"start":{"line":82,"column":0},"end":{"line":82,"column":11}},"82":{"start":{"line":83,"column":0},"end":{"line":83,"column":38}},"84":{"start":{"line":85,"column":0},"end":{"line":85,"column":25}},"85":{"start":{"line":86,"column":0},"end":{"line":86,"column":33}},"86":{"start":{"line":87,"column":0},"end":{"line":87,"column":3}},"88":{"start":{"line":89,"column":0},"end":{"line":89,"column":29}},"89":{"start":{"line":90,"column":0},"end":{"line":90,"column":41}},"90":{"start":{"line":91,"column":0},"end":{"line":91,"column":3}},"93":{"start":{"line":94,"column":0},"end":{"line":94,"column":35}},"94":{"start":{"line":95,"column":0},"end":{"line":95,"column":25}},"95":{"start":{"line":96,"column":0},"end":{"line":96,"column":83}},"98":{"start":{"line":99,"column":0},"end":{"line":99,"column":59}},"99":{"start":{"line":100,"column":0},"end":{"line":100,"column":33}},"100":{"start":{"line":101,"column":0},"end":{"line":101,"column":3}},"103":{"start":{"line":104,"column":0},"end":{"line":104,"column":79}},"104":{"start":{"line":105,"column":0},"end":{"line":105,"column":36}},"105":{"start":{"line":106,"column":0},"end":{"line":106,"column":47}},"106":{"start":{"line":107,"column":0},"end":{"line":107,"column":49}},"107":{"start":{"line":108,"column":0},"end":{"line":108,"column":25}},"108":{"start":{"line":109,"column":0},"end":{"line":109,"column":5}},"109":{"start":{"line":110,"column":0},"end":{"line":110,"column":3}},"112":{"start":{"line":113,"column":0},"end":{"line":113,"column":21}},"113":{"start":{"line":114,"column":0},"end":{"line":114,"column":66}},"114":{"start":{"line":115,"column":0},"end":{"line":115,"column":3}},"117":{"start":{"line":118,"column":0},"end":{"line":118,"column":78}},"118":{"start":{"line":119,"column":0},"end":{"line":119,"column":1}}},"s":{"13":1,"14":9,"15":9,"16":9,"31":1,"32":14,"33":14,"34":14,"35":14,"36":14,"37":14,"39":14,"40":14,"41":14,"42":14,"43":1,"44":1,"78":1,"79":10,"80":10,"81":10,"82":10,"84":10,"85":1,"86":1,"88":10,"89":1,"90":1,"93":8,"94":8,"95":8,"98":10,"99":3,"100":3,"103":10,"104":1,"105":1,"106":1,"107":1,"108":1,"109":1,"112":10,"113":2,"114":2,"117":2,"118":2},"branchMap":{"0":{"type":"branch","line":14,"loc":{"start":{"line":14,"column":7},"end":{"line":17,"column":1}},"locations":[{"start":{"line":14,"column":7},"end":{"line":17,"column":1}}]},"1":{"type":"branch","line":32,"loc":{"start":{"line":32,"column":7},"end":{"line":45,"column":1}},"locations":[{"start":{"line":32,"column":7},"end":{"line":45,"column":1}}]},"2":{"type":"branch","line":40,"loc":{"start":{"line":40,"column":20},"end":{"line":40,"column":38}},"locations":[{"start":{"line":40,"column":20},"end":{"line":40,"column":38}}]},"3":{"type":"branch","line":40,"loc":{"start":{"line":40,"column":27},"end":{"line":41,"column":27}},"locations":[{"start":{"line":40,"column":27},"end":{"line":41,"column":27}}]},"4":{"type":"branch","line":41,"loc":{"start":{"line":41,"column":20},"end":{"line":41,"column":45}},"locations":[{"start":{"line":41,"column":20},"end":{"line":41,"column":45}}]},"5":{"type":"branch","line":41,"loc":{"start":{"line":41,"column":37},"end":{"line":42,"column":25}},"locations":[{"start":{"line":41,"column":37},"end":{"line":42,"column":25}}]},"6":{"type":"branch","line":42,"loc":{"start":{"line":42,"column":18},"end":{"line":42,"column":41}},"locations":[{"start":{"line":42,"column":18},"end":{"line":42,"column":41}}]},"7":{"type":"branch","line":42,"loc":{"start":{"line":42,"column":33},"end":{"line":43,"column":23}},"locations":[{"start":{"line":42,"column":33},"end":{"line":43,"column":23}}]},"8":{"type":"branch","line":43,"loc":{"start":{"line":43,"column":16},"end":{"line":43,"column":38}},"locations":[{"start":{"line":43,"column":16},"end":{"line":43,"column":38}}]},"9":{"type":"branch","line":43,"loc":{"start":{"line":43,"column":30},"end":{"line":45,"column":1}},"locations":[{"start":{"line":43,"column":30},"end":{"line":45,"column":1}}]},"10":{"type":"branch","line":79,"loc":{"start":{"line":79,"column":7},"end":{"line":119,"column":1}},"locations":[{"start":{"line":79,"column":7},"end":{"line":119,"column":1}}]},"11":{"type":"branch","line":85,"loc":{"start":{"line":85,"column":24},"end":{"line":87,"column":3}},"locations":[{"start":{"line":85,"column":24},"end":{"line":87,"column":3}}]},"12":{"type":"branch","line":87,"loc":{"start":{"line":87,"column":2},"end":{"line":89,"column":28}},"locations":[{"start":{"line":87,"column":2},"end":{"line":89,"column":28}}]},"13":{"type":"branch","line":89,"loc":{"start":{"line":89,"column":28},"end":{"line":91,"column":3}},"locations":[{"start":{"line":89,"column":28},"end":{"line":91,"column":3}}]},"14":{"type":"branch","line":91,"loc":{"start":{"line":91,"column":2},"end":{"line":99,"column":24}},"locations":[{"start":{"line":91,"column":2},"end":{"line":99,"column":24}}]},"15":{"type":"branch","line":99,"loc":{"start":{"line":99,"column":19},"end":{"line":99,"column":58}},"locations":[{"start":{"line":99,"column":19},"end":{"line":99,"column":58}}]},"16":{"type":"branch","line":99,"loc":{"start":{"line":99,"column":58},"end":{"line":101,"column":3}},"locations":[{"start":{"line":99,"column":58},"end":{"line":101,"column":3}}]},"17":{"type":"branch","line":101,"loc":{"start":{"line":101,"column":2},"end":{"line":104,"column":25}},"locations":[{"start":{"line":101,"column":2},"end":{"line":104,"column":25}}]},"18":{"type":"branch","line":104,"loc":{"start":{"line":104,"column":19},"end":{"line":104,"column":78}},"locations":[{"start":{"line":104,"column":19},"end":{"line":104,"column":78}}]},"19":{"type":"branch","line":104,"loc":{"start":{"line":104,"column":38},"end":{"line":104,"column":78}},"locations":[{"start":{"line":104,"column":38},"end":{"line":104,"column":78}}]},"20":{"type":"branch","line":104,"loc":{"start":{"line":104,"column":78},"end":{"line":110,"column":3}},"locations":[{"start":{"line":104,"column":78},"end":{"line":110,"column":3}}]},"21":{"type":"branch","line":110,"loc":{"start":{"line":110,"column":2},"end":{"line":113,"column":20}},"locations":[{"start":{"line":110,"column":2},"end":{"line":113,"column":20}}]},"22":{"type":"branch","line":113,"loc":{"start":{"line":113,"column":20},"end":{"line":119,"column":1}},"locations":[{"start":{"line":113,"column":20},"end":{"line":119,"column":1}}]}},"b":{"0":[9],"1":[14],"2":[3],"3":[11],"4":[4],"5":[7],"6":[3],"7":[4],"8":[3],"9":[1],"10":[10],"11":[1],"12":[9],"13":[1],"14":[8],"15":[3],"16":[3],"17":[5],"18":[4],"19":[0],"20":[1],"21":[4],"22":[2]},"fnMap":{"0":{"name":"formatTime","decl":{"start":{"line":14,"column":7},"end":{"line":17,"column":1}},"loc":{"start":{"line":14,"column":7},"end":{"line":17,"column":1}},"line":14},"1":{"name":"formatRelativeTime","decl":{"start":{"line":32,"column":7},"end":{"line":45,"column":1}},"loc":{"start":{"line":32,"column":7},"end":{"line":45,"column":1}},"line":32},"2":{"name":"formatTimestamp","decl":{"start":{"line":79,"column":7},"end":{"line":119,"column":1}},"loc":{"start":{"line":79,"column":7},"end":{"line":119,"column":1}},"line":79}},"f":{"0":9,"1":14,"2":10}}
}
